<?xml version="1.0" encoding="UTF-8"?>
<!-- Generated by org.testng.reporters.JUnitXMLReporter -->
<testsuite ignored="0" hostname="LAPTOP-556U1AQS" failures="5" tests="6" name="bankTest" time="36.551" errors="0" timestamp="11 Oct 2020 08:55:59 GMT">
  <testcase classname="com.banking.testCases.LoginTest" name="test_login" time="2.552">
    <failure type="junit.framework.AssertionFailedError">
      <![CDATA[junit.framework.AssertionFailedError
at junit.framework.Assert.fail(Assert.java:47)
at junit.framework.Assert.assertTrue(Assert.java:20)
at junit.framework.Assert.assertTrue(Assert.java:27)
at com.banking.testCases.LoginTest.test_login(LoginTest.java:34)
... Removed 25 stack frames]]>
    </failure>
  </testcase> <!-- test_login -->
  <testcase classname="com.banking.testCases.DDTTest" name="loginDDt" time="6.027"/>
  <testcase classname="com.banking.testCases.DDTTest" name="loginDDt" time="2.83">
    <failure type="junit.framework.AssertionFailedError">
      <![CDATA[junit.framework.AssertionFailedError
at junit.framework.Assert.fail(Assert.java:47)
at junit.framework.Assert.assertTrue(Assert.java:20)
at junit.framework.Assert.assertTrue(Assert.java:27)
at com.banking.testCases.DDTTest.loginDDt(DDTTest.java:32)
... Removed 25 stack frames]]>
    </failure>
  </testcase> <!-- loginDDt -->
  <testcase classname="com.banking.testCases.DDTTest" name="loginDDt" time="2.711">
    <failure type="junit.framework.AssertionFailedError">
      <![CDATA[junit.framework.AssertionFailedError
at junit.framework.Assert.fail(Assert.java:47)
at junit.framework.Assert.assertTrue(Assert.java:20)
at junit.framework.Assert.assertTrue(Assert.java:27)
at com.banking.testCases.DDTTest.loginDDt(DDTTest.java:32)
... Removed 25 stack frames]]>
    </failure>
  </testcase> <!-- loginDDt -->
  <testcase classname="com.banking.testCases.DDTTest" name="loginDDt" time="2.148">
    <failure type="junit.framework.AssertionFailedError">
      <![CDATA[junit.framework.AssertionFailedError
at junit.framework.Assert.fail(Assert.java:47)
at junit.framework.Assert.assertTrue(Assert.java:20)
at junit.framework.Assert.assertTrue(Assert.java:27)
at com.banking.testCases.DDTTest.loginDDt(DDTTest.java:32)
... Removed 25 stack frames]]>
    </failure>
  </testcase> <!-- loginDDt -->
  <testcase classname="com.banking.testCases.DDTTest" name="loginDDt" time="2.431">
    <failure type="junit.framework.AssertionFailedError">
      <![CDATA[junit.framework.AssertionFailedError
at junit.framework.Assert.fail(Assert.java:47)
at junit.framework.Assert.assertTrue(Assert.java:20)
at junit.framework.Assert.assertTrue(Assert.java:27)
at com.banking.testCases.DDTTest.loginDDt(DDTTest.java:32)
... Removed 25 stack frames]]>
    </failure>
  </testcase> <!-- loginDDt -->
</testsuite> <!-- bankTest -->
